<?xml version="1.0" encoding="UTF-8"?>
<beans xmlns="http://www.springframework.org/schema/beans"
	xmlns:xsi="http://www.w3.org/2001/XMLSchema-instance" xmlns:amq="http://activemq.apache.org/schema/core"
	xsi:schemaLocation="http://www.springframework.org/schema/beans http://www.springframework.org/schema/beans/spring-beans.xsd
		http://activemq.apache.org/schema/core http://activemq.apache.org/schema/core/activemq-core.xsd">

	<!-- This context file contains just the ActiveMQ test beans -->
	<!-- It's separate to avoid deploying it with the live configuration -->

	<beans profile="test">
		<amq:broker useJmx="false" persistent="false">
			<amq:transportConnectors>
				<amq:transportConnector uri="tcp://localhost:0" />
			</amq:transportConnectors>
		</amq:broker>

		<amq:connectionFactory id="connectionFactory"
			brokerURL="vm://localhost" />
		<amq:queue id="inputQueue" physicalName="mq.input.queue" />
		<amq:queue id="outputQueue" physicalName="mq.output.queue" />
		
		<bean id="jmsTemplate" 
			class="org.springframework.jms.core.JmsTemplate">
			<property name="connectionFactory" ref="connectionFactory"/>
		</bean>
	</beans>
</beans>